<?xml version="1.0" encoding="UTF-8"?>
<testsuite name="com.sparta.aipractice.AiPracticeApplicationTests" tests="1" skipped="0" failures="0" errors="0" timestamp="2025-04-01T06:06:00.380Z" hostname="BOOK-5CEQCEA5SA" time="1.949">
  <properties/>
  <testcase name="contextLoads()" classname="com.sparta.aipractice.AiPracticeApplicationTests" time="1.949"/>
  <system-out><![CDATA[15:05:48.777 [Test worker] INFO org.springframework.test.context.support.AnnotationConfigContextLoaderUtils -- Could not detect default configuration classes for test class [com.sparta.aipractice.AiPracticeApplicationTests]: AiPracticeApplicationTests does not declare any static, non-private, non-final, nested classes annotated with @Configuration.
15:05:49.019 [Test worker] INFO org.springframework.boot.test.context.SpringBootTestContextBootstrapper -- Found @SpringBootConfiguration com.sparta.aipractice.AiPracticeApplication for test class com.sparta.aipractice.AiPracticeApplicationTests

  .   ____          _            __ _ _
 /\\ / ___'_ __ _ _(_)_ __  __ _ \ \ \ \
( ( )\___ | '_ | '_| | '_ \/ _` | \ \ \ \
 \\/  ___)| |_)| | | | | || (_| |  ) ) ) )
  '  |____| .__|_| |_|_| |_\__, | / / / /
 =========|_|==============|___/=/_/_/_/

 :: Spring Boot ::                (v3.4.4)

2025-04-01T15:05:49.855+09:00  INFO 24960 --- [aiPractice] [    Test worker] c.s.a.AiPracticeApplicationTests         : Starting AiPracticeApplicationTests using Java 17 with PID 24960 (started by jisu0 in D:\projects\aiPractice)
2025-04-01T15:05:49.861+09:00  INFO 24960 --- [aiPractice] [    Test worker] c.s.a.AiPracticeApplicationTests         : No active profile set, falling back to 1 default profile: "default"
2025-04-01T15:05:53.334+09:00  INFO 24960 --- [aiPractice] [    Test worker] o.s.b.a.w.s.WelcomePageHandlerMapping    : Adding welcome page template: index
2025-04-01T15:05:59.784+09:00  INFO 24960 --- [aiPractice] [    Test worker] o.a.k.clients.consumer.ConsumerConfig    : ConsumerConfig values: 
	allow.auto.create.topics = true
	auto.commit.interval.ms = 5000
	auto.include.jmx.reporter = true
	auto.offset.reset = latest
	bootstrap.servers = [localhost:9092]
	check.crcs = true
	client.dns.lookup = use_all_dns_ips
	client.id = consumer-ai-group-1
	client.rack = 
	connections.max.idle.ms = 540000
	default.api.timeout.ms = 60000
	enable.auto.commit = false
	enable.metrics.push = true
	exclude.internal.topics = true
	fetch.max.bytes = 52428800
	fetch.max.wait.ms = 500
	fetch.min.bytes = 1
	group.id = ai-group
	group.instance.id = null
	group.protocol = classic
	group.remote.assignor = null
	heartbeat.interval.ms = 3000
	interceptor.classes = []
	internal.leave.group.on.close = true
	internal.throw.on.fetch.stable.offset.unsupported = false
	isolation.level = read_uncommitted
	key.deserializer = class org.apache.kafka.common.serialization.StringDeserializer
	max.partition.fetch.bytes = 1048576
	max.poll.interval.ms = 300000
	max.poll.records = 500
	metadata.max.age.ms = 300000
	metadata.recovery.strategy = none
	metric.reporters = []
	metrics.num.samples = 2
	metrics.recording.level = INFO
	metrics.sample.window.ms = 30000
	partition.assignment.strategy = [class org.apache.kafka.clients.consumer.RangeAssignor, class org.apache.kafka.clients.consumer.CooperativeStickyAssignor]
	receive.buffer.bytes = 65536
	reconnect.backoff.max.ms = 1000
	reconnect.backoff.ms = 50
	request.timeout.ms = 30000
	retry.backoff.max.ms = 1000
	retry.backoff.ms = 100
	sasl.client.callback.handler.class = null
	sasl.jaas.config = null
	sasl.kerberos.kinit.cmd = /usr/bin/kinit
	sasl.kerberos.min.time.before.relogin = 60000
	sasl.kerberos.service.name = null
	sasl.kerberos.ticket.renew.jitter = 0.05
	sasl.kerberos.ticket.renew.window.factor = 0.8
	sasl.login.callback.handler.class = null
	sasl.login.class = null
	sasl.login.connect.timeout.ms = null
	sasl.login.read.timeout.ms = null
	sasl.login.refresh.buffer.seconds = 300
	sasl.login.refresh.min.period.seconds = 60
	sasl.login.refresh.window.factor = 0.8
	sasl.login.refresh.window.jitter = 0.05
	sasl.login.retry.backoff.max.ms = 10000
	sasl.login.retry.backoff.ms = 100
	sasl.mechanism = GSSAPI
	sasl.oauthbearer.clock.skew.seconds = 30
	sasl.oauthbearer.expected.audience = null
	sasl.oauthbearer.expected.issuer = null
	sasl.oauthbearer.jwks.endpoint.refresh.ms = 3600000
	sasl.oauthbearer.jwks.endpoint.retry.backoff.max.ms = 10000
	sasl.oauthbearer.jwks.endpoint.retry.backoff.ms = 100
	sasl.oauthbearer.jwks.endpoint.url = null
	sasl.oauthbearer.scope.claim.name = scope
	sasl.oauthbearer.sub.claim.name = sub
	sasl.oauthbearer.token.endpoint.url = null
	security.protocol = PLAINTEXT
	security.providers = null
	send.buffer.bytes = 131072
	session.timeout.ms = 45000
	socket.connection.setup.timeout.max.ms = 30000
	socket.connection.setup.timeout.ms = 10000
	ssl.cipher.suites = null
	ssl.enabled.protocols = [TLSv1.2, TLSv1.3]
	ssl.endpoint.identification.algorithm = https
	ssl.engine.factory.class = null
	ssl.key.password = null
	ssl.keymanager.algorithm = SunX509
	ssl.keystore.certificate.chain = null
	ssl.keystore.key = null
	ssl.keystore.location = null
	ssl.keystore.password = null
	ssl.keystore.type = JKS
	ssl.protocol = TLSv1.3
	ssl.provider = null
	ssl.secure.random.implementation = null
	ssl.trustmanager.algorithm = PKIX
	ssl.truststore.certificates = null
	ssl.truststore.location = null
	ssl.truststore.password = null
	ssl.truststore.type = JKS
	value.deserializer = class org.apache.kafka.common.serialization.StringDeserializer

2025-04-01T15:05:59.927+09:00  INFO 24960 --- [aiPractice] [    Test worker] o.a.k.c.t.i.KafkaMetricsCollector        : initializing Kafka metrics collector
2025-04-01T15:06:00.210+09:00  INFO 24960 --- [aiPractice] [    Test worker] o.a.kafka.common.utils.AppInfoParser     : Kafka version: 3.8.1
2025-04-01T15:06:00.213+09:00  INFO 24960 --- [aiPractice] [    Test worker] o.a.kafka.common.utils.AppInfoParser     : Kafka commitId: 70d6ff42debf7e17
2025-04-01T15:06:00.213+09:00  INFO 24960 --- [aiPractice] [    Test worker] o.a.kafka.common.utils.AppInfoParser     : Kafka startTimeMs: 1743487560205
2025-04-01T15:06:00.223+09:00  INFO 24960 --- [aiPractice] [    Test worker] o.a.k.c.c.internals.LegacyKafkaConsumer  : [Consumer clientId=consumer-ai-group-1, groupId=ai-group] Subscribed to topic(s): ai-request
2025-04-01T15:06:00.250+09:00  INFO 24960 --- [aiPractice] [    Test worker] o.a.k.clients.consumer.ConsumerConfig    : ConsumerConfig values: 
	allow.auto.create.topics = true
	auto.commit.interval.ms = 5000
	auto.include.jmx.reporter = true
	auto.offset.reset = latest
	bootstrap.servers = [localhost:9092]
	check.crcs = true
	client.dns.lookup = use_all_dns_ips
	client.id = consumer-ai-group-2
	client.rack = 
	connections.max.idle.ms = 540000
	default.api.timeout.ms = 60000
	enable.auto.commit = false
	enable.metrics.push = true
	exclude.internal.topics = true
	fetch.max.bytes = 52428800
	fetch.max.wait.ms = 500
	fetch.min.bytes = 1
	group.id = ai-group
	group.instance.id = null
	group.protocol = classic
	group.remote.assignor = null
	heartbeat.interval.ms = 3000
	interceptor.classes = []
	internal.leave.group.on.close = true
	internal.throw.on.fetch.stable.offset.unsupported = false
	isolation.level = read_uncommitted
	key.deserializer = class org.apache.kafka.common.serialization.StringDeserializer
	max.partition.fetch.bytes = 1048576
	max.poll.interval.ms = 300000
	max.poll.records = 500
	metadata.max.age.ms = 300000
	metadata.recovery.strategy = none
	metric.reporters = []
	metrics.num.samples = 2
	metrics.recording.level = INFO
	metrics.sample.window.ms = 30000
	partition.assignment.strategy = [class org.apache.kafka.clients.consumer.RangeAssignor, class org.apache.kafka.clients.consumer.CooperativeStickyAssignor]
	receive.buffer.bytes = 65536
	reconnect.backoff.max.ms = 1000
	reconnect.backoff.ms = 50
	request.timeout.ms = 30000
	retry.backoff.max.ms = 1000
	retry.backoff.ms = 100
	sasl.client.callback.handler.class = null
	sasl.jaas.config = null
	sasl.kerberos.kinit.cmd = /usr/bin/kinit
	sasl.kerberos.min.time.before.relogin = 60000
	sasl.kerberos.service.name = null
	sasl.kerberos.ticket.renew.jitter = 0.05
	sasl.kerberos.ticket.renew.window.factor = 0.8
	sasl.login.callback.handler.class = null
	sasl.login.class = null
	sasl.login.connect.timeout.ms = null
	sasl.login.read.timeout.ms = null
	sasl.login.refresh.buffer.seconds = 300
	sasl.login.refresh.min.period.seconds = 60
	sasl.login.refresh.window.factor = 0.8
	sasl.login.refresh.window.jitter = 0.05
	sasl.login.retry.backoff.max.ms = 10000
	sasl.login.retry.backoff.ms = 100
	sasl.mechanism = GSSAPI
	sasl.oauthbearer.clock.skew.seconds = 30
	sasl.oauthbearer.expected.audience = null
	sasl.oauthbearer.expected.issuer = null
	sasl.oauthbearer.jwks.endpoint.refresh.ms = 3600000
	sasl.oauthbearer.jwks.endpoint.retry.backoff.max.ms = 10000
	sasl.oauthbearer.jwks.endpoint.retry.backoff.ms = 100
	sasl.oauthbearer.jwks.endpoint.url = null
	sasl.oauthbearer.scope.claim.name = scope
	sasl.oauthbearer.sub.claim.name = sub
	sasl.oauthbearer.token.endpoint.url = null
	security.protocol = PLAINTEXT
	security.providers = null
	send.buffer.bytes = 131072
	session.timeout.ms = 45000
	socket.connection.setup.timeout.max.ms = 30000
	socket.connection.setup.timeout.ms = 10000
	ssl.cipher.suites = null
	ssl.enabled.protocols = [TLSv1.2, TLSv1.3]
	ssl.endpoint.identification.algorithm = https
	ssl.engine.factory.class = null
	ssl.key.password = null
	ssl.keymanager.algorithm = SunX509
	ssl.keystore.certificate.chain = null
	ssl.keystore.key = null
	ssl.keystore.location = null
	ssl.keystore.password = null
	ssl.keystore.type = JKS
	ssl.protocol = TLSv1.3
	ssl.provider = null
	ssl.secure.random.implementation = null
	ssl.trustmanager.algorithm = PKIX
	ssl.truststore.certificates = null
	ssl.truststore.location = null
	ssl.truststore.password = null
	ssl.truststore.type = JKS
	value.deserializer = class org.apache.kafka.common.serialization.StringDeserializer

2025-04-01T15:06:00.256+09:00  INFO 24960 --- [aiPractice] [    Test worker] o.a.k.c.t.i.KafkaMetricsCollector        : initializing Kafka metrics collector
2025-04-01T15:06:00.290+09:00  INFO 24960 --- [aiPractice] [    Test worker] o.a.kafka.common.utils.AppInfoParser     : Kafka version: 3.8.1
2025-04-01T15:06:00.290+09:00  INFO 24960 --- [aiPractice] [    Test worker] o.a.kafka.common.utils.AppInfoParser     : Kafka commitId: 70d6ff42debf7e17
2025-04-01T15:06:00.291+09:00  INFO 24960 --- [aiPractice] [    Test worker] o.a.kafka.common.utils.AppInfoParser     : Kafka startTimeMs: 1743487560289
2025-04-01T15:06:00.293+09:00  INFO 24960 --- [aiPractice] [    Test worker] o.a.k.c.c.internals.LegacyKafkaConsumer  : [Consumer clientId=consumer-ai-group-2, groupId=ai-group] Subscribed to topic(s): ai-response
2025-04-01T15:06:00.329+09:00  INFO 24960 --- [aiPractice] [    Test worker] c.s.a.AiPracticeApplicationTests         : Started AiPracticeApplicationTests in 11.017 seconds (process running for 14.632)
2025-04-01T15:06:01.072+09:00  INFO 24960 --- [aiPractice] [ntainer#1-0-C-1] org.apache.kafka.clients.NetworkClient   : [Consumer clientId=consumer-ai-group-2, groupId=ai-group] Node -1 disconnected.
2025-04-01T15:06:01.072+09:00  INFO 24960 --- [aiPractice] [ntainer#0-0-C-1] org.apache.kafka.clients.NetworkClient   : [Consumer clientId=consumer-ai-group-1, groupId=ai-group] Node -1 disconnected.
2025-04-01T15:06:01.077+09:00  WARN 24960 --- [aiPractice] [ntainer#0-0-C-1] org.apache.kafka.clients.NetworkClient   : [Consumer clientId=consumer-ai-group-1, groupId=ai-group] Connection to node -1 (localhost/127.0.0.1:9092) could not be established. Node may not be available.
2025-04-01T15:06:01.077+09:00  WARN 24960 --- [aiPractice] [ntainer#1-0-C-1] org.apache.kafka.clients.NetworkClient   : [Consumer clientId=consumer-ai-group-2, groupId=ai-group] Connection to node -1 (localhost/127.0.0.1:9092) could not be established. Node may not be available.
2025-04-01T15:06:01.078+09:00  WARN 24960 --- [aiPractice] [ntainer#0-0-C-1] org.apache.kafka.clients.NetworkClient   : [Consumer clientId=consumer-ai-group-1, groupId=ai-group] Bootstrap broker localhost:9092 (id: -1 rack: null) disconnected
2025-04-01T15:06:01.078+09:00  WARN 24960 --- [aiPractice] [ntainer#1-0-C-1] org.apache.kafka.clients.NetworkClient   : [Consumer clientId=consumer-ai-group-2, groupId=ai-group] Bootstrap broker localhost:9092 (id: -1 rack: null) disconnected
2025-04-01T15:06:01.201+09:00  INFO 24960 --- [aiPractice] [ntainer#1-0-C-1] org.apache.kafka.clients.NetworkClient   : [Consumer clientId=consumer-ai-group-2, groupId=ai-group] Node -1 disconnected.
2025-04-01T15:06:01.202+09:00  WARN 24960 --- [aiPractice] [ntainer#1-0-C-1] org.apache.kafka.clients.NetworkClient   : [Consumer clientId=consumer-ai-group-2, groupId=ai-group] Connection to node -1 (localhost/127.0.0.1:9092) could not be established. Node may not be available.
2025-04-01T15:06:01.202+09:00  WARN 24960 --- [aiPractice] [ntainer#1-0-C-1] org.apache.kafka.clients.NetworkClient   : [Consumer clientId=consumer-ai-group-2, groupId=ai-group] Bootstrap broker localhost:9092 (id: -1 rack: null) disconnected
2025-04-01T15:06:01.213+09:00  INFO 24960 --- [aiPractice] [ntainer#0-0-C-1] org.apache.kafka.clients.NetworkClient   : [Consumer clientId=consumer-ai-group-1, groupId=ai-group] Node -1 disconnected.
2025-04-01T15:06:01.214+09:00  WARN 24960 --- [aiPractice] [ntainer#0-0-C-1] org.apache.kafka.clients.NetworkClient   : [Consumer clientId=consumer-ai-group-1, groupId=ai-group] Connection to node -1 (localhost/127.0.0.1:9092) could not be established. Node may not be available.
2025-04-01T15:06:01.214+09:00  WARN 24960 --- [aiPractice] [ntainer#0-0-C-1] org.apache.kafka.clients.NetworkClient   : [Consumer clientId=consumer-ai-group-1, groupId=ai-group] Bootstrap broker localhost:9092 (id: -1 rack: null) disconnected
2025-04-01T15:06:01.319+09:00  INFO 24960 --- [aiPractice] [ntainer#1-0-C-1] org.apache.kafka.clients.NetworkClient   : [Consumer clientId=consumer-ai-group-2, groupId=ai-group] Node -1 disconnected.
2025-04-01T15:06:01.319+09:00  WARN 24960 --- [aiPractice] [ntainer#1-0-C-1] org.apache.kafka.clients.NetworkClient   : [Consumer clientId=consumer-ai-group-2, groupId=ai-group] Connection to node -1 (localhost/127.0.0.1:9092) could not be established. Node may not be available.
2025-04-01T15:06:01.320+09:00  WARN 24960 --- [aiPractice] [ntainer#1-0-C-1] org.apache.kafka.clients.NetworkClient   : [Consumer clientId=consumer-ai-group-2, groupId=ai-group] Bootstrap broker localhost:9092 (id: -1 rack: null) disconnected
2025-04-01T15:06:01.336+09:00  INFO 24960 --- [aiPractice] [ntainer#0-0-C-1] org.apache.kafka.clients.NetworkClient   : [Consumer clientId=consumer-ai-group-1, groupId=ai-group] Node -1 disconnected.
2025-04-01T15:06:01.337+09:00  WARN 24960 --- [aiPractice] [ntainer#0-0-C-1] org.apache.kafka.clients.NetworkClient   : [Consumer clientId=consumer-ai-group-1, groupId=ai-group] Connection to node -1 (localhost/127.0.0.1:9092) could not be established. Node may not be available.
2025-04-01T15:06:01.337+09:00  WARN 24960 --- [aiPractice] [ntainer#0-0-C-1] org.apache.kafka.clients.NetworkClient   : [Consumer clientId=consumer-ai-group-1, groupId=ai-group] Bootstrap broker localhost:9092 (id: -1 rack: null) disconnected
2025-04-01T15:06:01.561+09:00  INFO 24960 --- [aiPractice] [ntainer#1-0-C-1] org.apache.kafka.clients.NetworkClient   : [Consumer clientId=consumer-ai-group-2, groupId=ai-group] Node -1 disconnected.
2025-04-01T15:06:01.562+09:00  WARN 24960 --- [aiPractice] [ntainer#1-0-C-1] org.apache.kafka.clients.NetworkClient   : [Consumer clientId=consumer-ai-group-2, groupId=ai-group] Connection to node -1 (localhost/127.0.0.1:9092) could not be established. Node may not be available.
2025-04-01T15:06:01.562+09:00  WARN 24960 --- [aiPractice] [ntainer#1-0-C-1] org.apache.kafka.clients.NetworkClient   : [Consumer clientId=consumer-ai-group-2, groupId=ai-group] Bootstrap broker localhost:9092 (id: -1 rack: null) disconnected
2025-04-01T15:06:01.577+09:00  INFO 24960 --- [aiPractice] [ntainer#0-0-C-1] org.apache.kafka.clients.NetworkClient   : [Consumer clientId=consumer-ai-group-1, groupId=ai-group] Node -1 disconnected.
2025-04-01T15:06:01.578+09:00  WARN 24960 --- [aiPractice] [ntainer#0-0-C-1] org.apache.kafka.clients.NetworkClient   : [Consumer clientId=consumer-ai-group-1, groupId=ai-group] Connection to node -1 (localhost/127.0.0.1:9092) could not be established. Node may not be available.
2025-04-01T15:06:01.578+09:00  WARN 24960 --- [aiPractice] [ntainer#0-0-C-1] org.apache.kafka.clients.NetworkClient   : [Consumer clientId=consumer-ai-group-1, groupId=ai-group] Bootstrap broker localhost:9092 (id: -1 rack: null) disconnected
2025-04-01T15:06:02.012+09:00  INFO 24960 --- [aiPractice] [ntainer#0-0-C-1] org.apache.kafka.clients.NetworkClient   : [Consumer clientId=consumer-ai-group-1, groupId=ai-group] Node -1 disconnected.
2025-04-01T15:06:02.013+09:00  WARN 24960 --- [aiPractice] [ntainer#0-0-C-1] org.apache.kafka.clients.NetworkClient   : [Consumer clientId=consumer-ai-group-1, groupId=ai-group] Connection to node -1 (localhost/127.0.0.1:9092) could not be established. Node may not be available.
2025-04-01T15:06:02.013+09:00  WARN 24960 --- [aiPractice] [ntainer#0-0-C-1] org.apache.kafka.clients.NetworkClient   : [Consumer clientId=consumer-ai-group-1, groupId=ai-group] Bootstrap broker localhost:9092 (id: -1 rack: null) disconnected
2025-04-01T15:06:02.057+09:00  INFO 24960 --- [aiPractice] [ntainer#1-0-C-1] org.apache.kafka.clients.NetworkClient   : [Consumer clientId=consumer-ai-group-2, groupId=ai-group] Node -1 disconnected.
2025-04-01T15:06:02.058+09:00  WARN 24960 --- [aiPractice] [ntainer#1-0-C-1] org.apache.kafka.clients.NetworkClient   : [Consumer clientId=consumer-ai-group-2, groupId=ai-group] Connection to node -1 (localhost/127.0.0.1:9092) could not be established. Node may not be available.
2025-04-01T15:06:02.058+09:00  WARN 24960 --- [aiPractice] [ntainer#1-0-C-1] org.apache.kafka.clients.NetworkClient   : [Consumer clientId=consumer-ai-group-2, groupId=ai-group] Bootstrap broker localhost:9092 (id: -1 rack: null) disconnected
]]></system-out>
  <system-err><![CDATA[]]></system-err>
</testsuite>
